<?xml version="1.0" encoding="UTF-8"?>
<!-- Generated by org.testng.reporters.JUnitReportReporter -->
<testsuite skipped="0" hostname="DESKTOP-NF98DOF" name="seleniumTest" tests="3" failures="0" timestamp="02 VI 2021 11:01:24 GMT" time="24.532" errors="0">
  <testcase name="cypressTest" time="7.874" classname="seleniumTest"/>
  <testcase name="w3SchoolTest" time="8.023" classname="seleniumTest"/>
  <testcase name="abvTest" time="8.635" classname="seleniumTest"/>
</testsuite> <!-- seleniumTest -->
