<?xml version="1.0" encoding="UTF-8"?>
<!-- Generated by org.testng.reporters.JUnitReportReporter -->
<testsuite skipped="0" hostname="DESKTOP-NF98DOF" name="webDriverMethodsTest" tests="2" failures="0" timestamp="02 VI 2021 11:01:24 GMT" time="19.495" errors="0">
  <testcase name="windowFrames" time="9.523" classname="webDriverMethodsTest"/>
  <testcase name="alerts" time="9.972" classname="webDriverMethodsTest"/>
</testsuite> <!-- webDriverMethodsTest -->
