<?xml version="1.0" encoding="UTF-8"?>
<!-- Generated by org.testng.reporters.JUnitReportReporter -->
<testsuite skipped="0" hostname="DESKTOP-NF98DOF" name="ultimateQaTest" tests="1" failures="0" timestamp="02 VI 2021 11:01:24 GMT" time="10.218" errors="0">
  <testcase name="findingElements" time="10.218" classname="ultimateQaTest"/>
</testsuite> <!-- ultimateQaTest -->
