<?xml version="1.0" encoding="UTF-8"?>
<!-- Generated by org.testng.reporters.JUnitReportReporter -->
<testsuite skipped="0" hostname="DESKTOP-NF98DOF" name="actionsQuizTest" tests="5" failures="0" timestamp="02 VI 2021 11:01:24 GMT" time="52.273" errors="0">
  <testcase name="keyPresses" time="11.454" classname="actionsQuizTest"/>
  <testcase name="rightClick" time="9.492" classname="actionsQuizTest"/>
  <testcase name="actionQuiz" time="11.788" classname="actionsQuizTest"/>
  <testcase name="getCssValue" time="10.377" classname="actionsQuizTest"/>
  <testcase name="hover" time="9.162" classname="actionsQuizTest"/>
</testsuite> <!-- actionsQuizTest -->
