<?xml version="1.0" encoding="UTF-8"?>
<!-- Generated by org.testng.reporters.JUnitReportReporter -->
<testsuite skipped="0" hostname="DESKTOP-NF98DOF" name="examTest" tests="1" failures="0" timestamp="02 VI 2021 11:01:24 GMT" time="9.540" errors="0">
  <testcase name="locatorExam" time="9.540" classname="examTest"/>
</testsuite> <!-- examTest -->
