<?xml version="1.0" encoding="UTF-8"?>
<!-- Generated by org.testng.reporters.JUnitReportReporter -->
<testsuite skipped="0" hostname="DESKTOP-NF98DOF" name="pragmaticHomeworkTest" tests="3" failures="0" timestamp="02 VI 2021 11:01:24 GMT" time="28.246" errors="0">
  <testcase name="yourDreamCar" time="7.320" classname="pragmaticHomeworkTest"/>
  <testcase name="Orders" time="10.688" classname="pragmaticHomeworkTest"/>
  <testcase name="homeWork" time="10.238" classname="pragmaticHomeworkTest"/>
</testsuite> <!-- pragmaticHomeworkTest -->
